<?xml version="1.0" encoding="UTF-8"?>
<testng-results ignored="0" total="1" passed="1" failed="0" skipped="0">
  <reporter-output>
  </reporter-output>
  <suite started-at="2022-10-02T09:56:30 PDT" name="Default suite" finished-at="2022-10-02T09:56:46 PDT" duration-ms="15328">
    <groups>
    </groups>
    <test started-at="2022-10-02T09:56:30 PDT" name="Default test" finished-at="2022-10-02T09:56:46 PDT" duration-ms="15328">
      <class name="seleium.MavenScrach.PlaceOrder">
        <test-method signature="submitOrder()[pri:0, instance:seleium.MavenScrach.PlaceOrder@595b007d]" started-at="2022-10-02T09:56:30 PDT" name="submitOrder" finished-at="2022-10-02T09:56:46 PDT" duration-ms="15207" status="PASS">
          <reporter-output>
          </reporter-output>
        </test-method> <!-- submitOrder -->
      </class> <!-- seleium.MavenScrach.PlaceOrder -->
    </test> <!-- Default test -->
  </suite> <!-- Default suite -->
</testng-results>
