<?xml version="1.0" encoding="UTF-8"?>
<testng-results ignored="0" total="1" passed="1" failed="0" skipped="0">
  <reporter-output>
  </reporter-output>
  <suite started-at="2023-01-21T02:52:46 PST" name="Default suite" finished-at="2023-01-21T02:53:15 PST" duration-ms="29159">
    <groups>
    </groups>
    <test started-at="2023-01-21T02:52:46 PST" name="Default test" finished-at="2023-01-21T02:53:15 PST" duration-ms="29159">
      <class name="tests.Demo">
        <test-method signature="GetAllproducts()[pri:0, instance:tests.Demo@6cd28fa7]" started-at="2023-01-21T02:52:46 PST" name="GetAllproducts" finished-at="2023-01-21T02:53:15 PST" duration-ms="29036" status="PASS">
          <reporter-output>
          </reporter-output>
        </test-method> <!-- GetAllproducts -->
      </class> <!-- tests.Demo -->
    </test> <!-- Default test -->
  </suite> <!-- Default suite -->
</testng-results>
