<?xml version="1.0" encoding="UTF-8"?>
<testng-results ignored="3" total="5" passed="2" failed="0" skipped="0">
  <reporter-output>
  </reporter-output>
  <suite started-at="2022-10-08T12:41:16 PDT" name="Suite" finished-at="2022-10-08T12:41:45 PDT" duration-ms="29569">
    <groups>
      <group name="customerCheckout">
        <method signature="PlaceOrder.submitOrder(java.util.HashMap)[pri:0, instance:seleium.MavenScrach.PlaceOrder@72967906]" name="submitOrder" class="seleium.MavenScrach.PlaceOrder"/>
      </group> <!-- customerCheckout -->
    </groups>
    <test started-at="2022-10-08T12:41:16 PDT" name="ErrorValidation" finished-at="2022-10-08T12:41:16 PDT" duration-ms="47">
    </test> <!-- ErrorValidation -->
    <test started-at="2022-10-08T12:41:16 PDT" name="PlaceOrder" finished-at="2022-10-08T12:41:45 PDT" duration-ms="29569">
      <class name="seleium.MavenScrach.PlaceOrder">
        <test-method is-config="true" signature="launchApplication()[pri:0, instance:seleium.MavenScrach.PlaceOrder@72967906]" started-at="2022-10-08T12:41:16 PDT" name="launchApplication" finished-at="2022-10-08T12:41:26 PDT" duration-ms="9815" status="PASS">
          <reporter-output>
          </reporter-output>
        </test-method> <!-- launchApplication -->
        <test-method signature="submitOrder(java.util.HashMap)[pri:0, instance:seleium.MavenScrach.PlaceOrder@72967906]" started-at="2022-10-08T12:41:26 PDT" name="submitOrder" data-provider="getTestData" finished-at="2022-10-08T12:41:32 PDT" duration-ms="6800" status="PASS">
          <params>
            <param index="0">
              <value>
                <![CDATA[{password=Tom@1234, email=tom@example.com, productName=ZARA COAT 3}]]>
              </value>
            </param>
          </params>
          <reporter-output>
          </reporter-output>
        </test-method> <!-- submitOrder -->
        <test-method is-config="true" signature="closeBrowser()[pri:0, instance:seleium.MavenScrach.PlaceOrder@72967906]" started-at="2022-10-08T12:41:32 PDT" name="closeBrowser" finished-at="2022-10-08T12:41:33 PDT" duration-ms="280" status="PASS">
          <reporter-output>
          </reporter-output>
        </test-method> <!-- closeBrowser -->
        <test-method is-config="true" signature="launchApplication()[pri:0, instance:seleium.MavenScrach.PlaceOrder@72967906]" started-at="2022-10-08T12:41:33 PDT" name="launchApplication" finished-at="2022-10-08T12:41:40 PDT" duration-ms="7121" status="PASS">
          <reporter-output>
          </reporter-output>
        </test-method> <!-- launchApplication -->
        <test-method signature="submitOrder(java.util.HashMap)[pri:0, instance:seleium.MavenScrach.PlaceOrder@72967906]" started-at="2022-10-08T12:41:40 PDT" name="submitOrder" data-provider="getTestData" finished-at="2022-10-08T12:41:45 PDT" duration-ms="5051" status="PASS">
          <params>
            <param index="0">
              <value>
                <![CDATA[{password=Admin@123, email=sanjay@qa.com, productName=ADIDAS ORIGINAL}]]>
              </value>
            </param>
          </params>
          <reporter-output>
          </reporter-output>
        </test-method> <!-- submitOrder -->
        <test-method is-config="true" signature="closeBrowser()[pri:0, instance:seleium.MavenScrach.PlaceOrder@72967906]" started-at="2022-10-08T12:41:45 PDT" name="closeBrowser" finished-at="2022-10-08T12:41:45 PDT" duration-ms="237" status="PASS">
          <reporter-output>
          </reporter-output>
        </test-method> <!-- closeBrowser -->
      </class> <!-- seleium.MavenScrach.PlaceOrder -->
    </test> <!-- PlaceOrder -->
  </suite> <!-- Suite -->
</testng-results>
