<?xml version="1.0" encoding="UTF-8"?>
<testng-results ignored="0" total="3" passed="3" failed="0" skipped="0">
  <reporter-output>
  </reporter-output>
  <suite started-at="2022-10-10T10:54:03 PDT" name="Default suite" finished-at="2022-10-10T10:54:45 PDT" duration-ms="42249">
    <groups>
      <group name="customerCheckout">
        <method signature="PlaceOrder.submitOrder(java.util.HashMap)[pri:0, instance:seleium.MavenScrach.PlaceOrder@59662a0b]" name="submitOrder" class="seleium.MavenScrach.PlaceOrder"/>
      </group> <!-- customerCheckout -->
    </groups>
    <test started-at="2022-10-10T10:54:03 PDT" name="Default test" finished-at="2022-10-10T10:54:45 PDT" duration-ms="42249">
      <class name="seleium.MavenScrach.PlaceOrder">
        <test-method is-config="true" signature="launchApplication()[pri:0, instance:seleium.MavenScrach.PlaceOrder@59662a0b]" started-at="2022-10-10T10:54:04 PDT" name="launchApplication" finished-at="2022-10-10T10:54:20 PDT" duration-ms="16541" status="PASS">
          <reporter-output>
          </reporter-output>
        </test-method> <!-- launchApplication -->
        <test-method signature="submitOrder(java.util.HashMap)[pri:0, instance:seleium.MavenScrach.PlaceOrder@59662a0b]" started-at="2022-10-10T10:54:20 PDT" name="submitOrder" data-provider="getTestData" finished-at="2022-10-10T10:54:27 PDT" duration-ms="6274" status="PASS">
          <params>
            <param index="0">
              <value>
                <![CDATA[{password=Tom@1234, email=tom@example.com, productName=ZARA COAT 3}]]>
              </value>
            </param>
          </params>
          <reporter-output>
          </reporter-output>
        </test-method> <!-- submitOrder -->
        <test-method is-config="true" signature="closeBrowser()[pri:0, instance:seleium.MavenScrach.PlaceOrder@59662a0b]" started-at="2022-10-10T10:54:27 PDT" name="closeBrowser" finished-at="2022-10-10T10:54:27 PDT" duration-ms="413" status="PASS">
          <reporter-output>
          </reporter-output>
        </test-method> <!-- closeBrowser -->
        <test-method is-config="true" signature="launchApplication()[pri:0, instance:seleium.MavenScrach.PlaceOrder@59662a0b]" started-at="2022-10-10T10:54:27 PDT" name="launchApplication" finished-at="2022-10-10T10:54:33 PDT" duration-ms="6032" status="PASS">
          <reporter-output>
          </reporter-output>
        </test-method> <!-- launchApplication -->
        <test-method signature="submitOrder(java.util.HashMap)[pri:0, instance:seleium.MavenScrach.PlaceOrder@59662a0b]" started-at="2022-10-10T10:54:33 PDT" name="submitOrder" data-provider="getTestData" finished-at="2022-10-10T10:54:38 PDT" duration-ms="5100" status="PASS">
          <params>
            <param index="0">
              <value>
                <![CDATA[{password=Admin@123, email=sanjay@qa.com, productName=ADIDAS ORIGINAL}]]>
              </value>
            </param>
          </params>
          <reporter-output>
          </reporter-output>
        </test-method> <!-- submitOrder -->
        <test-method is-config="true" signature="closeBrowser()[pri:0, instance:seleium.MavenScrach.PlaceOrder@59662a0b]" started-at="2022-10-10T10:54:38 PDT" name="closeBrowser" finished-at="2022-10-10T10:54:39 PDT" duration-ms="506" status="PASS">
          <reporter-output>
          </reporter-output>
        </test-method> <!-- closeBrowser -->
        <test-method is-config="true" signature="launchApplication()[pri:0, instance:seleium.MavenScrach.PlaceOrder@59662a0b]" started-at="2022-10-10T10:54:39 PDT" name="launchApplication" finished-at="2022-10-10T10:54:43 PDT" duration-ms="4685" status="PASS">
          <reporter-output>
          </reporter-output>
        </test-method> <!-- launchApplication -->
        <test-method signature="OrderHistoryTest()[pri:0, instance:seleium.MavenScrach.PlaceOrder@59662a0b]" started-at="2022-10-10T10:54:43 PDT" name="OrderHistoryTest" finished-at="2022-10-10T10:54:45 PDT" depends-on-methods="seleium.MavenScrach.PlaceOrder.submitOrder" duration-ms="1555" status="PASS">
          <reporter-output>
          </reporter-output>
        </test-method> <!-- OrderHistoryTest -->
        <test-method is-config="true" signature="closeBrowser()[pri:0, instance:seleium.MavenScrach.PlaceOrder@59662a0b]" started-at="2022-10-10T10:54:45 PDT" name="closeBrowser" finished-at="2022-10-10T10:54:45 PDT" duration-ms="240" status="PASS">
          <reporter-output>
          </reporter-output>
        </test-method> <!-- closeBrowser -->
      </class> <!-- seleium.MavenScrach.PlaceOrder -->
    </test> <!-- Default test -->
  </suite> <!-- Default suite -->
</testng-results>
