<?xml version="1.0" encoding="UTF-8"?>
<testng-results ignored="0" total="1" passed="1" failed="0" skipped="0">
  <reporter-output>
  </reporter-output>
  <suite started-at="2022-11-22T09:24:48 PST" name="Default suite" finished-at="2022-11-22T09:26:40 PST" duration-ms="112110">
    <groups>
    </groups>
    <test started-at="2022-11-22T09:24:48 PST" name="Default test" finished-at="2022-11-22T09:26:40 PST" duration-ms="112110">
      <class name="tests.Demo">
        <test-method signature="GetAllproducts()[pri:0, instance:tests.Demo@6e9175d8]" started-at="2022-11-22T09:24:48 PST" name="GetAllproducts" finished-at="2022-11-22T09:26:40 PST" duration-ms="111908" status="PASS">
          <reporter-output>
          </reporter-output>
        </test-method> <!-- GetAllproducts -->
      </class> <!-- tests.Demo -->
    </test> <!-- Default test -->
  </suite> <!-- Default suite -->
</testng-results>
