<?xml version="1.0" encoding="UTF-8"?>
<testng-results ignored="3" total="4" passed="1" failed="0" skipped="0">
  <reporter-output>
  </reporter-output>
  <suite started-at="2022-10-08T07:51:17 PDT" name="Suite" finished-at="2022-10-08T07:51:27 PDT" duration-ms="9996">
    <groups>
      <group name="ErrorHandling">
        <method signature="ErrorValidationsTest.LoginErrorValidation()[pri:0, instance:seleium.MavenScrach.ErrorValidationsTest@6c6cb480]" name="LoginErrorValidation" class="seleium.MavenScrach.ErrorValidationsTest"/>
      </group> <!-- ErrorHandling -->
    </groups>
    <test started-at="2022-10-08T07:51:17 PDT" name="PlaceOrder" finished-at="2022-10-08T07:51:17 PDT" duration-ms="152">
      <class name="seleium.MavenScrach.PlaceOrder">
        <test-method is-config="true" signature="closeBrowser()[pri:0, instance:seleium.MavenScrach.PlaceOrder@1283bb96]" started-at="2022-10-08T07:51:17 PDT" name="closeBrowser" finished-at="2022-10-08T07:51:17 PDT" duration-ms="41" status="FAIL">
          <exception class="java.lang.NullPointerException">
            <message>
              <![CDATA[Cannot invoke "org.openqa.selenium.WebDriver.close()" because "this.driver" is null]]>
            </message>
            <full-stacktrace>
              <![CDATA[java.lang.NullPointerException: Cannot invoke "org.openqa.selenium.WebDriver.close()" because "this.driver" is null
at testComponents.baseTest.closeBrowser(baseTest.java:57)
at java.base/jdk.internal.reflect.DirectMethodHandleAccessor.invoke(DirectMethodHandleAccessor.java:104)
at java.base/java.lang.reflect.Method.invoke(Method.java:577)
at org.testng.internal.invokers.MethodInvocationHelper.invokeMethod(MethodInvocationHelper.java:139)
at org.testng.internal.invokers.MethodInvocationHelper.invokeMethodConsideringTimeout(MethodInvocationHelper.java:69)
at org.testng.internal.invokers.ConfigInvoker.invokeConfigurationMethod(ConfigInvoker.java:361)
at org.testng.internal.invokers.ConfigInvoker.invokeConfigurations(ConfigInvoker.java:296)
at org.testng.TestRunner.invokeTestConfigurations(TestRunner.java:643)
at org.testng.TestRunner.afterRun(TestRunner.java:891)
at org.testng.TestRunner.run(TestRunner.java:604)
at org.testng.SuiteRunner.runTest(SuiteRunner.java:433)
at org.testng.SuiteRunner$SuiteWorker.run(SuiteRunner.java:471)
at org.testng.internal.thread.ThreadUtil.lambda$execute$0(ThreadUtil.java:58)
at java.base/java.util.concurrent.FutureTask.run(FutureTask.java:264)
at java.base/java.util.concurrent.ThreadPoolExecutor.runWorker(ThreadPoolExecutor.java:1136)
at java.base/java.util.concurrent.ThreadPoolExecutor$Worker.run(ThreadPoolExecutor.java:635)
at java.base/java.lang.Thread.run(Thread.java:833)
]]>
            </full-stacktrace>
          </exception> <!-- java.lang.NullPointerException -->
          <reporter-output>
          </reporter-output>
        </test-method> <!-- closeBrowser -->
      </class> <!-- seleium.MavenScrach.PlaceOrder -->
    </test> <!-- PlaceOrder -->
    <test started-at="2022-10-08T07:51:17 PDT" name="ErrorValidation" finished-at="2022-10-08T07:51:27 PDT" duration-ms="9996">
      <class name="seleium.MavenScrach.ErrorValidationsTest">
        <test-method is-config="true" signature="launchApplication()[pri:0, instance:seleium.MavenScrach.ErrorValidationsTest@6c6cb480]" started-at="2022-10-08T07:51:17 PDT" name="launchApplication" finished-at="2022-10-08T07:51:26 PDT" duration-ms="8576" status="PASS">
          <reporter-output>
          </reporter-output>
        </test-method> <!-- launchApplication -->
        <test-method signature="LoginErrorValidation()[pri:0, instance:seleium.MavenScrach.ErrorValidationsTest@6c6cb480]" started-at="2022-10-08T07:51:26 PDT" name="LoginErrorValidation" finished-at="2022-10-08T07:51:27 PDT" duration-ms="951" status="PASS">
          <reporter-output>
          </reporter-output>
        </test-method> <!-- LoginErrorValidation -->
        <test-method is-config="true" signature="closeBrowser()[pri:0, instance:seleium.MavenScrach.ErrorValidationsTest@6c6cb480]" started-at="2022-10-08T07:51:27 PDT" name="closeBrowser" finished-at="2022-10-08T07:51:27 PDT" duration-ms="314" status="PASS">
          <reporter-output>
          </reporter-output>
        </test-method> <!-- closeBrowser -->
      </class> <!-- seleium.MavenScrach.ErrorValidationsTest -->
    </test> <!-- ErrorValidation -->
  </suite> <!-- Suite -->
</testng-results>
