<?xml version="1.0" encoding="UTF-8"?>
<testng-results ignored="0" total="1" passed="1" failed="0" skipped="0">
  <reporter-output>
  </reporter-output>
  <suite started-at="2022-10-05T00:37:12 PDT" name="Default suite" finished-at="2022-10-05T00:37:25 PDT" duration-ms="13545">
    <groups>
    </groups>
    <test started-at="2022-10-05T00:37:12 PDT" name="Default test" finished-at="2022-10-05T00:37:25 PDT" duration-ms="13545">
      <class name="seleium.MavenScrach.ErrorValidationsTest">
        <test-method is-config="true" signature="launchApplication()[pri:0, instance:seleium.MavenScrach.ErrorValidationsTest@293a5bf6]" started-at="2022-10-05T00:37:12 PDT" name="launchApplication" finished-at="2022-10-05T00:37:24 PDT" duration-ms="11877" status="PASS">
          <reporter-output>
          </reporter-output>
        </test-method> <!-- launchApplication -->
        <test-method signature="submitOrder()[pri:0, instance:seleium.MavenScrach.ErrorValidationsTest@293a5bf6]" started-at="2022-10-05T00:37:24 PDT" name="submitOrder" finished-at="2022-10-05T00:37:25 PDT" duration-ms="1099" status="PASS">
          <reporter-output>
          </reporter-output>
        </test-method> <!-- submitOrder -->
        <test-method is-config="true" signature="closeBrowser()[pri:0, instance:seleium.MavenScrach.ErrorValidationsTest@293a5bf6]" started-at="2022-10-05T00:37:25 PDT" name="closeBrowser" finished-at="2022-10-05T00:37:25 PDT" duration-ms="420" status="PASS">
          <reporter-output>
          </reporter-output>
        </test-method> <!-- closeBrowser -->
      </class> <!-- seleium.MavenScrach.ErrorValidationsTest -->
    </test> <!-- Default test -->
  </suite> <!-- Default suite -->
</testng-results>
