<?xml version="1.0" encoding="UTF-8"?>
<testng-results ignored="0" total="4" passed="4" failed="0" skipped="0">
  <reporter-output>
  </reporter-output>
  <suite started-at="2022-10-06T10:57:24 PDT" name="Suite" finished-at="2022-10-06T10:58:03 PDT" duration-ms="39472">
    <groups>
    </groups>
    <test started-at="2022-10-06T10:57:24 PDT" name="ErrorValidation" finished-at="2022-10-06T10:58:01 PDT" duration-ms="37325">
      <class name="seleium.MavenScrach.ErrorValidationsTest">
        <test-method is-config="true" signature="launchApplication()[pri:0, instance:seleium.MavenScrach.ErrorValidationsTest@206a70ef]" started-at="2022-10-06T10:57:24 PDT" name="launchApplication" finished-at="2022-10-06T10:57:38 PDT" duration-ms="13657" status="PASS">
          <reporter-output>
          </reporter-output>
        </test-method> <!-- launchApplication -->
        <test-method signature="LoginErrorValidation()[pri:0, instance:seleium.MavenScrach.ErrorValidationsTest@206a70ef]" started-at="2022-10-06T10:57:38 PDT" name="LoginErrorValidation" finished-at="2022-10-06T10:57:40 PDT" duration-ms="1827" status="PASS">
          <reporter-output>
          </reporter-output>
        </test-method> <!-- LoginErrorValidation -->
        <test-method is-config="true" signature="launchApplication()[pri:0, instance:seleium.MavenScrach.ErrorValidationsTest@206a70ef]" started-at="2022-10-06T10:57:40 PDT" name="launchApplication" finished-at="2022-10-06T10:57:50 PDT" duration-ms="10063" status="PASS">
          <reporter-output>
          </reporter-output>
        </test-method> <!-- launchApplication -->
        <test-method signature="ProductErrorValidation()[pri:0, instance:seleium.MavenScrach.ErrorValidationsTest@206a70ef]" started-at="2022-10-06T10:57:50 PDT" name="ProductErrorValidation" finished-at="2022-10-06T10:58:00 PDT" duration-ms="9974" status="PASS">
          <reporter-output>
          </reporter-output>
        </test-method> <!-- ProductErrorValidation -->
        <test-method is-config="true" signature="closeBrowser()[pri:0, instance:seleium.MavenScrach.ErrorValidationsTest@206a70ef]" started-at="2022-10-06T10:58:00 PDT" name="closeBrowser" finished-at="2022-10-06T10:58:01 PDT" duration-ms="1607" status="PASS">
          <reporter-output>
          </reporter-output>
        </test-method> <!-- closeBrowser -->
      </class> <!-- seleium.MavenScrach.ErrorValidationsTest -->
    </test> <!-- ErrorValidation -->
    <test started-at="2022-10-06T10:57:24 PDT" name="PlaceOrder" finished-at="2022-10-06T10:58:03 PDT" duration-ms="39472">
      <class name="seleium.MavenScrach.PlaceOrder">
        <test-method is-config="true" signature="launchApplication()[pri:0, instance:seleium.MavenScrach.PlaceOrder@1bd4fdd]" started-at="2022-10-06T10:57:24 PDT" name="launchApplication" finished-at="2022-10-06T10:57:38 PDT" duration-ms="14139" status="PASS">
          <reporter-output>
          </reporter-output>
        </test-method> <!-- launchApplication -->
        <test-method signature="submitOrder()[pri:0, instance:seleium.MavenScrach.PlaceOrder@1bd4fdd]" started-at="2022-10-06T10:57:38 PDT" name="submitOrder" finished-at="2022-10-06T10:57:48 PDT" duration-ms="9579" status="PASS">
          <reporter-output>
          </reporter-output>
        </test-method> <!-- submitOrder -->
        <test-method is-config="true" signature="launchApplication()[pri:0, instance:seleium.MavenScrach.PlaceOrder@1bd4fdd]" started-at="2022-10-06T10:57:48 PDT" name="launchApplication" finished-at="2022-10-06T10:57:59 PDT" duration-ms="11479" status="PASS">
          <reporter-output>
          </reporter-output>
        </test-method> <!-- launchApplication -->
        <test-method signature="OrderHistoryTest()[pri:0, instance:seleium.MavenScrach.PlaceOrder@1bd4fdd]" started-at="2022-10-06T10:57:59 PDT" name="OrderHistoryTest" finished-at="2022-10-06T10:58:03 PDT" depends-on-methods="seleium.MavenScrach.PlaceOrder.submitOrder" duration-ms="3567" status="PASS">
          <reporter-output>
          </reporter-output>
        </test-method> <!-- OrderHistoryTest -->
        <test-method is-config="true" signature="closeBrowser()[pri:0, instance:seleium.MavenScrach.PlaceOrder@1bd4fdd]" started-at="2022-10-06T10:58:03 PDT" name="closeBrowser" finished-at="2022-10-06T10:58:03 PDT" duration-ms="516" status="PASS">
          <reporter-output>
          </reporter-output>
        </test-method> <!-- closeBrowser -->
      </class> <!-- seleium.MavenScrach.PlaceOrder -->
    </test> <!-- PlaceOrder -->
  </suite> <!-- Suite -->
</testng-results>
