<?xml version="1.0" encoding="UTF-8"?>
<testng-results ignored="0" total="3" passed="3" failed="0" skipped="0">
  <reporter-output>
  </reporter-output>
  <suite started-at="2022-10-08T12:02:10 PDT" name="Default suite" finished-at="2022-10-08T12:02:56 PDT" duration-ms="45987">
    <groups>
      <group name="customerCheckout">
        <method signature="PlaceOrder.submitOrder(java.lang.String,java.lang.String,java.lang.String)[pri:0, instance:seleium.MavenScrach.PlaceOrder@2a3b5b47]" name="submitOrder" class="seleium.MavenScrach.PlaceOrder"/>
      </group> <!-- customerCheckout -->
    </groups>
    <test started-at="2022-10-08T12:02:10 PDT" name="Default test" finished-at="2022-10-08T12:02:56 PDT" duration-ms="45987">
      <class name="seleium.MavenScrach.PlaceOrder">
        <test-method is-config="true" signature="launchApplication()[pri:0, instance:seleium.MavenScrach.PlaceOrder@2a3b5b47]" started-at="2022-10-08T12:02:10 PDT" name="launchApplication" finished-at="2022-10-08T12:02:20 PDT" duration-ms="10110" status="PASS">
          <reporter-output>
          </reporter-output>
        </test-method> <!-- launchApplication -->
        <test-method signature="submitOrder(java.lang.String,java.lang.String,java.lang.String)[pri:0, instance:seleium.MavenScrach.PlaceOrder@2a3b5b47]" started-at="2022-10-08T12:02:20 PDT" name="submitOrder" data-provider="getTestData" finished-at="2022-10-08T12:02:31 PDT" duration-ms="10209" status="PASS">
          <params>
            <param index="0">
              <value>
                <![CDATA[tom@example.com]]>
              </value>
            </param>
            <param index="1">
              <value>
                <![CDATA[Tom@1234]]>
              </value>
            </param>
            <param index="2">
              <value>
                <![CDATA[ZARA COAT 3]]>
              </value>
            </param>
          </params>
          <reporter-output>
          </reporter-output>
        </test-method> <!-- submitOrder -->
        <test-method is-config="true" signature="launchApplication()[pri:0, instance:seleium.MavenScrach.PlaceOrder@2a3b5b47]" started-at="2022-10-08T12:02:31 PDT" name="launchApplication" finished-at="2022-10-08T12:02:39 PDT" duration-ms="8465" status="PASS">
          <reporter-output>
          </reporter-output>
        </test-method> <!-- launchApplication -->
        <test-method signature="submitOrder(java.lang.String,java.lang.String,java.lang.String)[pri:0, instance:seleium.MavenScrach.PlaceOrder@2a3b5b47]" started-at="2022-10-08T12:02:39 PDT" name="submitOrder" data-provider="getTestData" finished-at="2022-10-08T12:02:45 PDT" duration-ms="6234" status="PASS">
          <params>
            <param index="0">
              <value>
                <![CDATA[sanjay@qa.com]]>
              </value>
            </param>
            <param index="1">
              <value>
                <![CDATA[Admin@123]]>
              </value>
            </param>
            <param index="2">
              <value>
                <![CDATA[ADIDAS ORIGINAL]]>
              </value>
            </param>
          </params>
          <reporter-output>
          </reporter-output>
        </test-method> <!-- submitOrder -->
        <test-method is-config="true" signature="launchApplication()[pri:0, instance:seleium.MavenScrach.PlaceOrder@2a3b5b47]" started-at="2022-10-08T12:02:45 PDT" name="launchApplication" finished-at="2022-10-08T12:02:54 PDT" duration-ms="8472" status="PASS">
          <reporter-output>
          </reporter-output>
        </test-method> <!-- launchApplication -->
        <test-method signature="OrderHistoryTest()[pri:0, instance:seleium.MavenScrach.PlaceOrder@2a3b5b47]" started-at="2022-10-08T12:02:54 PDT" name="OrderHistoryTest" finished-at="2022-10-08T12:02:56 PDT" depends-on-methods="seleium.MavenScrach.PlaceOrder.submitOrder" duration-ms="2064" status="PASS">
          <reporter-output>
          </reporter-output>
        </test-method> <!-- OrderHistoryTest -->
        <test-method is-config="true" signature="closeBrowser()[pri:0, instance:seleium.MavenScrach.PlaceOrder@2a3b5b47]" started-at="2022-10-08T12:02:56 PDT" name="closeBrowser" finished-at="2022-10-08T12:02:56 PDT" duration-ms="222" status="PASS">
          <reporter-output>
          </reporter-output>
        </test-method> <!-- closeBrowser -->
      </class> <!-- seleium.MavenScrach.PlaceOrder -->
    </test> <!-- Default test -->
  </suite> <!-- Default suite -->
</testng-results>
