<?xml version="1.0" encoding="UTF-8"?>
<testng-results ignored="0" total="5" passed="4" failed="1" skipped="0">
  <reporter-output>
  </reporter-output>
  <suite started-at="2022-10-12T11:46:20 PDT" name="Suite" finished-at="2022-10-12T11:46:59 PDT" duration-ms="39386">
    <groups>
      <group name="ErrorHandling">
        <method signature="ErrorValidationsTest.LoginErrorValidation()[pri:0, instance:seleium.MavenScrach.ErrorValidationsTest@15d49048]" name="LoginErrorValidation" class="seleium.MavenScrach.ErrorValidationsTest"/>
      </group> <!-- ErrorHandling -->
      <group name="customerCheckout">
        <method signature="PlaceOrder.submitOrder(java.util.HashMap)[pri:0, instance:seleium.MavenScrach.PlaceOrder@4d15107f]" name="submitOrder" class="seleium.MavenScrach.PlaceOrder"/>
      </group> <!-- customerCheckout -->
    </groups>
    <test started-at="2022-10-12T11:46:20 PDT" name="ErrorValidation" finished-at="2022-10-12T11:46:49 PDT" duration-ms="29130">
      <class name="seleium.MavenScrach.ErrorValidationsTest">
        <test-method is-config="true" signature="launchApplication()[pri:0, instance:seleium.MavenScrach.ErrorValidationsTest@15d49048]" started-at="2022-10-12T11:46:20 PDT" name="launchApplication" finished-at="2022-10-12T11:46:33 PDT" duration-ms="13480" status="PASS">
          <reporter-output>
          </reporter-output>
        </test-method> <!-- launchApplication -->
        <test-method signature="LoginErrorValidation()[pri:0, instance:seleium.MavenScrach.ErrorValidationsTest@15d49048]" started-at="2022-10-12T11:46:33 PDT" name="LoginErrorValidation" finished-at="2022-10-12T11:46:35 PDT" duration-ms="1568" status="FAIL">
          <exception class="java.lang.AssertionError">
            <message>
              <![CDATA[expected [Incorrect email or password.] but found [Incorrect email  password.]]]>
            </message>
            <full-stacktrace>
              <![CDATA[java.lang.AssertionError: expected [Incorrect email or password.] but found [Incorrect email  password.]
at org.testng.Assert.fail(Assert.java:110)
at org.testng.Assert.failNotEquals(Assert.java:1413)
at org.testng.Assert.assertEqualsImpl(Assert.java:149)
at org.testng.Assert.assertEquals(Assert.java:131)
at org.testng.Assert.assertEquals(Assert.java:655)
at org.testng.Assert.assertEquals(Assert.java:665)
at seleium.MavenScrach.ErrorValidationsTest.LoginErrorValidation(ErrorValidationsTest.java:19)
at java.base/jdk.internal.reflect.DirectMethodHandleAccessor.invoke(DirectMethodHandleAccessor.java:104)
at java.base/java.lang.reflect.Method.invoke(Method.java:577)
at org.testng.internal.invokers.MethodInvocationHelper.invokeMethod(MethodInvocationHelper.java:139)
at org.testng.internal.invokers.TestInvoker.invokeMethod(TestInvoker.java:677)
at org.testng.internal.invokers.TestInvoker.invokeTestMethod(TestInvoker.java:221)
at org.testng.internal.invokers.MethodRunner.runInSequence(MethodRunner.java:50)
at org.testng.internal.invokers.TestInvoker$MethodInvocationAgent.invoke(TestInvoker.java:962)
at org.testng.internal.invokers.TestInvoker.invokeTestMethods(TestInvoker.java:194)
at org.testng.internal.invokers.TestMethodWorker.invokeTestMethods(TestMethodWorker.java:148)
at org.testng.internal.invokers.TestMethodWorker.run(TestMethodWorker.java:128)
at java.base/java.util.ArrayList.forEach(ArrayList.java:1511)
at org.testng.TestRunner.privateRun(TestRunner.java:806)
at org.testng.TestRunner.run(TestRunner.java:601)
at org.testng.SuiteRunner.runTest(SuiteRunner.java:433)
at org.testng.SuiteRunner$SuiteWorker.run(SuiteRunner.java:471)
at org.testng.internal.thread.ThreadUtil.lambda$execute$0(ThreadUtil.java:58)
at java.base/java.util.concurrent.FutureTask.run(FutureTask.java:264)
at java.base/java.util.concurrent.ThreadPoolExecutor.runWorker(ThreadPoolExecutor.java:1136)
at java.base/java.util.concurrent.ThreadPoolExecutor$Worker.run(ThreadPoolExecutor.java:635)
at java.base/java.lang.Thread.run(Thread.java:833)
]]>
            </full-stacktrace>
          </exception> <!-- java.lang.AssertionError -->
          <reporter-output>
          </reporter-output>
        </test-method> <!-- LoginErrorValidation -->
        <test-method is-config="true" signature="closeBrowser()[pri:0, instance:seleium.MavenScrach.ErrorValidationsTest@15d49048]" started-at="2022-10-12T11:46:35 PDT" name="closeBrowser" finished-at="2022-10-12T11:46:36 PDT" duration-ms="641" status="PASS">
          <reporter-output>
          </reporter-output>
        </test-method> <!-- closeBrowser -->
        <test-method is-config="true" signature="launchApplication()[pri:0, instance:seleium.MavenScrach.ErrorValidationsTest@15d49048]" started-at="2022-10-12T11:46:36 PDT" name="launchApplication" finished-at="2022-10-12T11:46:42 PDT" duration-ms="6446" status="PASS">
          <reporter-output>
          </reporter-output>
        </test-method> <!-- launchApplication -->
        <test-method signature="ProductErrorValidation()[pri:0, instance:seleium.MavenScrach.ErrorValidationsTest@15d49048]" started-at="2022-10-12T11:46:42 PDT" name="ProductErrorValidation" finished-at="2022-10-12T11:46:48 PDT" duration-ms="6054" status="PASS">
          <reporter-output>
          </reporter-output>
        </test-method> <!-- ProductErrorValidation -->
        <test-method is-config="true" signature="closeBrowser()[pri:0, instance:seleium.MavenScrach.ErrorValidationsTest@15d49048]" started-at="2022-10-12T11:46:49 PDT" name="closeBrowser" finished-at="2022-10-12T11:46:49 PDT" duration-ms="460" status="PASS">
          <reporter-output>
          </reporter-output>
        </test-method> <!-- closeBrowser -->
      </class> <!-- seleium.MavenScrach.ErrorValidationsTest -->
    </test> <!-- ErrorValidation -->
    <test started-at="2022-10-12T11:46:20 PDT" name="PlaceOrder" finished-at="2022-10-12T11:46:59 PDT" duration-ms="39386">
      <class name="seleium.MavenScrach.PlaceOrder">
        <test-method is-config="true" signature="launchApplication()[pri:0, instance:seleium.MavenScrach.PlaceOrder@4d15107f]" started-at="2022-10-12T11:46:21 PDT" name="launchApplication" finished-at="2022-10-12T11:46:34 PDT" duration-ms="12796" status="PASS">
          <reporter-output>
          </reporter-output>
        </test-method> <!-- launchApplication -->
        <test-method signature="submitOrder(java.util.HashMap)[pri:0, instance:seleium.MavenScrach.PlaceOrder@4d15107f]" started-at="2022-10-12T11:46:34 PDT" name="submitOrder" data-provider="getTestData" finished-at="2022-10-12T11:46:41 PDT" duration-ms="7597" status="PASS">
          <params>
            <param index="0">
              <value>
                <![CDATA[{password=Tom@1234, email=tom@example.com, productName=ZARA COAT 3}]]>
              </value>
            </param>
          </params>
          <reporter-output>
          </reporter-output>
        </test-method> <!-- submitOrder -->
        <test-method is-config="true" signature="closeBrowser()[pri:0, instance:seleium.MavenScrach.PlaceOrder@4d15107f]" started-at="2022-10-12T11:46:42 PDT" name="closeBrowser" finished-at="2022-10-12T11:46:42 PDT" duration-ms="239" status="PASS">
          <reporter-output>
          </reporter-output>
        </test-method> <!-- closeBrowser -->
        <test-method is-config="true" signature="launchApplication()[pri:0, instance:seleium.MavenScrach.PlaceOrder@4d15107f]" started-at="2022-10-12T11:46:42 PDT" name="launchApplication" finished-at="2022-10-12T11:46:47 PDT" duration-ms="5228" status="PASS">
          <reporter-output>
          </reporter-output>
        </test-method> <!-- launchApplication -->
        <test-method signature="submitOrder(java.util.HashMap)[pri:0, instance:seleium.MavenScrach.PlaceOrder@4d15107f]" started-at="2022-10-12T11:46:47 PDT" name="submitOrder" data-provider="getTestData" finished-at="2022-10-12T11:46:53 PDT" duration-ms="5505" status="PASS">
          <params>
            <param index="0">
              <value>
                <![CDATA[{password=Admin@123, email=sanjay@qa.com, productName=ADIDAS ORIGINAL}]]>
              </value>
            </param>
          </params>
          <reporter-output>
          </reporter-output>
        </test-method> <!-- submitOrder -->
        <test-method is-config="true" signature="closeBrowser()[pri:0, instance:seleium.MavenScrach.PlaceOrder@4d15107f]" started-at="2022-10-12T11:46:53 PDT" name="closeBrowser" finished-at="2022-10-12T11:46:53 PDT" duration-ms="265" status="PASS">
          <reporter-output>
          </reporter-output>
        </test-method> <!-- closeBrowser -->
        <test-method is-config="true" signature="launchApplication()[pri:0, instance:seleium.MavenScrach.PlaceOrder@4d15107f]" started-at="2022-10-12T11:46:53 PDT" name="launchApplication" finished-at="2022-10-12T11:46:58 PDT" duration-ms="4338" status="PASS">
          <reporter-output>
          </reporter-output>
        </test-method> <!-- launchApplication -->
        <test-method signature="OrderHistoryTest()[pri:0, instance:seleium.MavenScrach.PlaceOrder@4d15107f]" started-at="2022-10-12T11:46:58 PDT" name="OrderHistoryTest" finished-at="2022-10-12T11:46:59 PDT" depends-on-methods="seleium.MavenScrach.PlaceOrder.submitOrder" duration-ms="1253" status="PASS">
          <reporter-output>
          </reporter-output>
        </test-method> <!-- OrderHistoryTest -->
        <test-method is-config="true" signature="closeBrowser()[pri:0, instance:seleium.MavenScrach.PlaceOrder@4d15107f]" started-at="2022-10-12T11:46:59 PDT" name="closeBrowser" finished-at="2022-10-12T11:46:59 PDT" duration-ms="214" status="PASS">
          <reporter-output>
          </reporter-output>
        </test-method> <!-- closeBrowser -->
      </class> <!-- seleium.MavenScrach.PlaceOrder -->
    </test> <!-- PlaceOrder -->
  </suite> <!-- Suite -->
</testng-results>
