<?xml version="1.0" encoding="UTF-8"?>
<testng-results ignored="0" total="2" passed="2" failed="0" skipped="0">
  <reporter-output>
  </reporter-output>
  <suite started-at="2022-10-05T01:04:12 PDT" name="Suite" finished-at="2022-10-05T01:04:40 PDT" duration-ms="27065">
    <groups>
    </groups>
    <test started-at="2022-10-05T01:04:12 PDT" name="PlaceOrder" finished-at="2022-10-05T01:04:32 PDT" duration-ms="19426">
      <class name="seleium.MavenScrach.PlaceOrder">
        <test-method is-config="true" signature="launchApplication()[pri:0, instance:seleium.MavenScrach.PlaceOrder@293a5bf6]" started-at="2022-10-05T01:04:13 PDT" name="launchApplication" finished-at="2022-10-05T01:04:25 PDT" duration-ms="12280" status="PASS">
          <reporter-output>
          </reporter-output>
        </test-method> <!-- launchApplication -->
        <test-method signature="submitOrder()[pri:0, instance:seleium.MavenScrach.PlaceOrder@293a5bf6]" started-at="2022-10-05T01:04:25 PDT" name="submitOrder" finished-at="2022-10-05T01:04:31 PDT" duration-ms="6474" status="PASS">
          <reporter-output>
          </reporter-output>
        </test-method> <!-- submitOrder -->
        <test-method is-config="true" signature="closeBrowser()[pri:0, instance:seleium.MavenScrach.PlaceOrder@293a5bf6]" started-at="2022-10-05T01:04:31 PDT" name="closeBrowser" finished-at="2022-10-05T01:04:32 PDT" duration-ms="491" status="PASS">
          <reporter-output>
          </reporter-output>
        </test-method> <!-- closeBrowser -->
      </class> <!-- seleium.MavenScrach.PlaceOrder -->
    </test> <!-- PlaceOrder -->
    <test started-at="2022-10-05T01:04:32 PDT" name="ErrorValidation" finished-at="2022-10-05T01:04:40 PDT" duration-ms="7590">
      <class name="seleium.MavenScrach.ErrorValidationsTest">
        <test-method is-config="true" signature="launchApplication()[pri:0, instance:seleium.MavenScrach.ErrorValidationsTest@2b71e916]" started-at="2022-10-05T01:04:32 PDT" name="launchApplication" finished-at="2022-10-05T01:04:38 PDT" duration-ms="6291" status="PASS">
          <reporter-output>
          </reporter-output>
        </test-method> <!-- launchApplication -->
        <test-method signature="LoginErrorValidation()[pri:0, instance:seleium.MavenScrach.ErrorValidationsTest@2b71e916]" started-at="2022-10-05T01:04:38 PDT" name="LoginErrorValidation" finished-at="2022-10-05T01:04:39 PDT" duration-ms="946" status="PASS">
          <reporter-output>
          </reporter-output>
        </test-method> <!-- LoginErrorValidation -->
        <test-method is-config="true" signature="closeBrowser()[pri:0, instance:seleium.MavenScrach.ErrorValidationsTest@2b71e916]" started-at="2022-10-05T01:04:39 PDT" name="closeBrowser" finished-at="2022-10-05T01:04:40 PDT" duration-ms="340" status="PASS">
          <reporter-output>
          </reporter-output>
        </test-method> <!-- closeBrowser -->
      </class> <!-- seleium.MavenScrach.ErrorValidationsTest -->
    </test> <!-- ErrorValidation -->
  </suite> <!-- Suite -->
</testng-results>
