<?xml version="1.0" encoding="UTF-8"?>
<testng-results ignored="0" total="2" passed="2" failed="0" skipped="0">
  <reporter-output>
  </reporter-output>
  <suite started-at="2022-10-06T10:26:09 PDT" name="Default suite" finished-at="2022-10-06T10:26:40 PDT" duration-ms="30572">
    <groups>
    </groups>
    <test started-at="2022-10-06T10:26:09 PDT" name="Default test" finished-at="2022-10-06T10:26:40 PDT" duration-ms="30572">
      <class name="seleium.MavenScrach.PlaceOrder">
        <test-method is-config="true" signature="launchApplication()[pri:0, instance:seleium.MavenScrach.PlaceOrder@3c19aaa5]" started-at="2022-10-06T10:26:10 PDT" name="launchApplication" finished-at="2022-10-06T10:26:26 PDT" duration-ms="16286" status="PASS">
          <reporter-output>
          </reporter-output>
        </test-method> <!-- launchApplication -->
        <test-method signature="submitOrder()[pri:0, instance:seleium.MavenScrach.PlaceOrder@3c19aaa5]" started-at="2022-10-06T10:26:26 PDT" name="submitOrder" finished-at="2022-10-06T10:26:32 PDT" duration-ms="5680" status="PASS">
          <reporter-output>
          </reporter-output>
        </test-method> <!-- submitOrder -->
        <test-method is-config="true" signature="launchApplication()[pri:0, instance:seleium.MavenScrach.PlaceOrder@3c19aaa5]" started-at="2022-10-06T10:26:32 PDT" name="launchApplication" finished-at="2022-10-06T10:26:38 PDT" duration-ms="6662" status="PASS">
          <reporter-output>
          </reporter-output>
        </test-method> <!-- launchApplication -->
        <test-method signature="OrderHistoryTest()[pri:0, instance:seleium.MavenScrach.PlaceOrder@3c19aaa5]" started-at="2022-10-06T10:26:38 PDT" name="OrderHistoryTest" finished-at="2022-10-06T10:26:40 PDT" depends-on-methods="seleium.MavenScrach.PlaceOrder.submitOrder" duration-ms="1499" status="PASS">
          <reporter-output>
          </reporter-output>
        </test-method> <!-- OrderHistoryTest -->
        <test-method is-config="true" signature="closeBrowser()[pri:0, instance:seleium.MavenScrach.PlaceOrder@3c19aaa5]" started-at="2022-10-06T10:26:40 PDT" name="closeBrowser" finished-at="2022-10-06T10:26:40 PDT" duration-ms="270" status="PASS">
          <reporter-output>
          </reporter-output>
        </test-method> <!-- closeBrowser -->
      </class> <!-- seleium.MavenScrach.PlaceOrder -->
    </test> <!-- Default test -->
  </suite> <!-- Default suite -->
</testng-results>
