<?xml version="1.0" encoding="UTF-8"?>
<!-- Generated by org.testng.reporters.JUnitXMLReporter -->
<testsuite ignored="0" hostname="DESKTOP-VM14F0U" failures="1" tests="3" name="ErrorValidation" time="43.107" errors="0" timestamp="2022-10-13T11:13:50 PDT">
  <testcase classname="seleium.MavenScrach.ErrorValidationsTest" name="LoginErrorValidation" time="3.144">
    <skipped/>
  </testcase> <!-- LoginErrorValidation -->
  <testcase classname="seleium.MavenScrach.ErrorValidationsTest" name="LoginErrorValidation" time="3.004">
    <failure type="java.lang.AssertionError" message="expected [Incorrect email or password.] but found [Incorrect email  password.]">
      <![CDATA[java.lang.AssertionError: expected [Incorrect email or password.] but found [Incorrect email  password.]
at seleium.MavenScrach.ErrorValidationsTest.LoginErrorValidation(ErrorValidationsTest.java:20)
at java.base/java.util.ArrayList.forEach(ArrayList.java:1511)
at java.base/java.util.concurrent.FutureTask.run(FutureTask.java:264)
at java.base/java.util.concurrent.ThreadPoolExecutor.runWorker(ThreadPoolExecutor.java:1136)
at java.base/java.util.concurrent.ThreadPoolExecutor$Worker.run(ThreadPoolExecutor.java:635)
at java.base/java.lang.Thread.run(Thread.java:833)
... Removed 21 stack frames]]>
    </failure>
  </testcase> <!-- LoginErrorValidation -->
  <testcase classname="seleium.MavenScrach.ErrorValidationsTest" name="ProductErrorValidation" time="3.905"/>
</testsuite> <!-- ErrorValidation -->
