<?xml version="1.0" encoding="UTF-8"?>
<!-- Generated by org.testng.reporters.JUnitXMLReporter -->
<testsuite ignored="0" hostname="DESKTOP-VM14F0U" failures="1" tests="3" name="ErrorValidation" time="45.635" errors="0" timestamp="2022-11-05T03:08:43 PDT">
  <testcase classname="tests.ErrorValidationsTest" name="LoginErrorValidation" time="3.802">
    <skipped/>
  </testcase> <!-- LoginErrorValidation -->
  <testcase classname="tests.ErrorValidationsTest" name="LoginErrorValidation" time="2.367">
    <failure type="java.lang.AssertionError" message="expected [Incorrect email or password.] but found [Incorrect email  password.]">
      <![CDATA[java.lang.AssertionError: expected [Incorrect email or password.] but found [Incorrect email  password.]
at tests.ErrorValidationsTest.LoginErrorValidation(ErrorValidationsTest.java:23)
at java.base/java.util.ArrayList.forEach(ArrayList.java:1541)
at java.base/java.util.concurrent.FutureTask.run(FutureTask.java:264)
at java.base/java.util.concurrent.ThreadPoolExecutor.runWorker(ThreadPoolExecutor.java:1128)
at java.base/java.util.concurrent.ThreadPoolExecutor$Worker.run(ThreadPoolExecutor.java:628)
at java.base/java.lang.Thread.run(Thread.java:834)
... Removed 23 stack frames]]>
    </failure>
  </testcase> <!-- LoginErrorValidation -->
  <testcase classname="tests.ErrorValidationsTest" name="ProductErrorValidation" time="3.874"/>
</testsuite> <!-- ErrorValidation -->
