<?xml version="1.0" encoding="UTF-8"?>
<!-- Generated by org.testng.reporters.JUnitXMLReporter -->
<testsuite ignored="0" hostname="DESKTOP-VM14F0U" failures="0" tests="3" name="PlaceOrder" time="53.228" errors="0" timestamp="2022-11-05T03:08:47 PDT">
  <testcase classname="tests.PlaceOrder" name="submitOrder" time="12.119"/>
  <testcase classname="tests.PlaceOrder" name="submitOrder" time="7.074"/>
  <testcase classname="tests.PlaceOrder" name="OrderHistoryTest" time="1.546"/>
</testsuite> <!-- PlaceOrder -->
