<?xml version="1.0" encoding="UTF-8"?>
<testng-results ignored="0" total="2" passed="2" failed="0" skipped="0">
  <reporter-output>
  </reporter-output>
  <suite started-at="2022-09-28T11:53:21 PDT" name="Suite" finished-at="2022-09-28T11:53:21 PDT" duration-ms="171">
    <groups>
    </groups>
    <test started-at="2022-09-28T11:53:21 PDT" name="Test" finished-at="2022-09-28T11:53:21 PDT" duration-ms="171">
      <class name="TestNG.test">
        <test-method signature="test1(java.lang.String)[pri:0, instance:TestNG.test@15c43bd9]" started-at="2022-09-28T11:53:21 PDT" name="test1" finished-at="2022-09-28T11:53:21 PDT" duration-ms="33" status="PASS">
          <params>
            <param index="0">
              <value>
                <![CDATA[https://www.facebook.com/]]>
              </value>
            </param>
          </params>
          <reporter-output>
          </reporter-output>
        </test-method> <!-- test1 -->
        <test-method signature="test2()[pri:0, instance:TestNG.test@15c43bd9]" started-at="2022-09-28T11:53:21 PDT" name="test2" finished-at="2022-09-28T11:53:21 PDT" duration-ms="8" status="PASS">
          <reporter-output>
          </reporter-output>
        </test-method> <!-- test2 -->
      </class> <!-- TestNG.test -->
    </test> <!-- Test -->
  </suite> <!-- Suite -->
</testng-results>
