<?xml version="1.0" encoding="UTF-8"?>
<testng-results ignored="0" total="1" passed="1" failed="0" skipped="0">
  <reporter-output>
  </reporter-output>
  <suite started-at="2022-10-11T11:44:14 PDT" name="Default suite" finished-at="2022-10-11T11:44:44 PDT" duration-ms="29317">
    <groups>
    </groups>
    <test started-at="2022-10-11T11:44:14 PDT" name="Default test" finished-at="2022-10-11T11:44:44 PDT" duration-ms="29317">
      <class name="core.ExtentRport.ExtentReportDemo">
        <test-method is-config="true" signature="config()[pri:0, instance:core.ExtentRport.ExtentReportDemo@6aeb35e6]" started-at="2022-10-11T11:44:14 PDT" name="config" finished-at="2022-10-11T11:44:15 PDT" duration-ms="943" status="PASS">
          <reporter-output>
          </reporter-output>
        </test-method> <!-- config -->
        <test-method signature="initialDemo()[pri:0, instance:core.ExtentRport.ExtentReportDemo@6aeb35e6]" started-at="2022-10-11T11:44:15 PDT" name="initialDemo" finished-at="2022-10-11T11:44:44 PDT" duration-ms="28213" status="PASS">
          <reporter-output>
          </reporter-output>
        </test-method> <!-- initialDemo -->
      </class> <!-- core.ExtentRport.ExtentReportDemo -->
    </test> <!-- Default test -->
  </suite> <!-- Default suite -->
</testng-results>
