<?xml version="1.0" encoding="UTF-8"?>
<!-- Generated by org.testng.reporters.JUnitXMLReporter -->
<testsuite ignored="0" hostname="DESKTOP-VM14F0U" failures="0" tests="3" name="Default test" time="42.249" errors="0" timestamp="2022-10-10T10:54:45 PDT">
  <testcase classname="seleium.MavenScrach.PlaceOrder" name="submitOrder" time="6.274"/>
  <testcase classname="seleium.MavenScrach.PlaceOrder" name="submitOrder" time="5.1"/>
  <testcase classname="seleium.MavenScrach.PlaceOrder" name="OrderHistoryTest" time="1.555"/>
</testsuite> <!-- Default test -->
