<?xml version="1.0" encoding="UTF-8"?>
<!-- Generated by org.testng.reporters.JUnitXMLReporter -->
<testsuite ignored="0" hostname="DESKTOP-VM14F0U" failures="0" tests="4" name="Test" time="0.178" errors="0" timestamp="2022-09-26T11:56:58 PDT">
  <testcase classname="TestNG.adminLogin" name="demo1" time="0.032"/>
  <testcase classname="TestNG.adminLogin" name="demo2" time="0.004"/>
  <testcase classname="TestNG.test" name="test1" time="0.006"/>
  <testcase classname="TestNG.test" name="test2" time="0.005"/>
</testsuite> <!-- Test -->
