<?xml version="1.0" encoding="UTF-8"?>
<!-- Generated by org.testng.reporters.JUnitXMLReporter -->
<testsuite ignored="2" hostname="DESKTOP-VM14F0U" failures="0" tests="2" name="Test" time="0.159" errors="0" timestamp="2022-09-28T10:42:06 PDT">
  <testcase classname="TestNG.test" name="test2" time="0.032"/>
  <testcase classname="TestNG.adminLogin" name="demo1" time="0.008"/>
  <testcase classname="TestNG.adminLogin" name="demo2" time="0.0">
    <ignored/>
  </testcase> <!-- demo2 -->
  <testcase classname="TestNG.test" name="test1" time="0.0">
    <ignored/>
  </testcase> <!-- test1 -->
</testsuite> <!-- Test -->
